<?xml version="1.0" encoding="UTF-8" ?>
<testsuite errors="0" failures="0" hostname="Gibran.local" name="general.ProveedorControllerIntegrationTests" tests="4" time="0.428" timestamp="2011-10-19T20:22:13">
  <properties />
  <testcase classname="general.ProveedorControllerIntegrationTests" name="debieraMostrarListaDeProveedores" time="0.287" />
  <testcase classname="general.ProveedorControllerIntegrationTests" name="debieraCrearProveedor" time="0.036" />
  <testcase classname="general.ProveedorControllerIntegrationTests" name="debieraActualizarProveedor" time="0.047" />
  <testcase classname="general.ProveedorControllerIntegrationTests" name="debieraEliminarProveedor" time="0.051" />
  <system-out><![CDATA[--Output from debieraMostrarListaDeProveedores--
--Output from debieraCrearProveedor--
--Output from debieraActualizarProveedor--
--Output from debieraEliminarProveedor--
]]></system-out>
  <system-err><![CDATA[--Output from debieraMostrarListaDeProveedores--
--Output from debieraCrearProveedor--
--Output from debieraActualizarProveedor--
--Output from debieraEliminarProveedor--
]]></system-err>
</testsuite>
